[ 2017-11-03T17:48:50+08:00 ] 127.0.0.1 /index.php/
INFO: [ app_init ] --START--
INFO: Run Behavior\BuildLiteBehavior [ RunTime:0.000052s ]
INFO: [ app_init ] --END-- [ RunTime:0.001959s ]
INFO: [ app_begin ] --START--
INFO: Run Behavior\ReadHtmlCacheBehavior [ RunTime:0.002445s ]
INFO: [ app_begin ] --END-- [ RunTime:0.002646s ]
SQL: SHOW COLUMNS FROM `mgtx_select_time` [ RunTime:0.0542s ]
SQL: SHOW COLUMNS FROM `mgtx_business` [ RunTime:0.0527s ]
SQL: SHOW COLUMNS FROM `mgtx_business_target_year` [ RunTime:0.0368s ]
SQL: SHOW COLUMNS FROM `mgtx_business_target_month` [ RunTime:0.0615s ]
SQL: SHOW COLUMNS FROM `mgtx_business_target_team` [ RunTime:0.0474s ]
SQL: SHOW COLUMNS FROM `mgtx_business_target_personage` [ RunTime:0.0401s ]
SQL: SHOW COLUMNS FROM `mgtx_money_log` [ RunTime:0.0427s ]
SQL: SHOW COLUMNS FROM `mgtx_department` [ RunTime:0.0569s ]
SQL: SHOW COLUMNS FROM `mgtx_mployee` [ RunTime:0.0381s ]
SQL: SHOW COLUMNS FROM `mgtx_last_update` [ RunTime:0.0354s ]
SQL: SELECT * FROM `mgtx_department`  [ RunTime:0.0034s ]
SQL: SELECT * FROM `mgtx_mployee`  [ RunTime:0.0149s ]
NOTIC: [8] Undefined index: month D:\phpStudy\WWW\public_html\Application\Home\Controller\IndexController.class.php 第 45 行.
SQL: SELECT * FROM `mgtx_business_target_year` WHERE (  year='2017' ) LIMIT 1   [ RunTime:0.0021s ]
SQL: SELECT * FROM `mgtx_business_target_month` WHERE (  month='2017-11' ) LIMIT 1   [ RunTime:0.0022s ]
SQL: SELECT * FROM `mgtx_last_update`  [ RunTime:0.0146s ]
SQL: SELECT * FROM `mgtx_business_target_personage` WHERE ( month='2017-11' )  [ RunTime:0.0027s ]
SQL: SELECT * FROM `mgtx_business_target_personage` WHERE ( month in('2017-11','2017-10') )  [ RunTime:0.0025s ]
SQL: SELECT * FROM `mgtx_business_target_team` WHERE ( month='2017-11' )  [ RunTime:0.0022s ]
SQL: SELECT * FROM `mgtx_business_target_team` WHERE ( month in('2017-11','2017-10') )  [ RunTime:0.0024s ]
INFO: [ view_parse ] --START--
INFO: [ template_filter ] --START--
INFO: Run Behavior\ContentReplaceBehavior [ RunTime:0.000772s ]
INFO: [ template_filter ] --END-- [ RunTime:0.000993s ]
NOTIC: [8] Use of undefined constant month_target - assumed 'month_target' D:\phpStudy\WWW\public_html\Application\Runtime\Cache\Home\2a94b8bda04ff446dcedd42276fc99ee.php 第 56 行.
NOTIC: [8] Use of undefined constant month - assumed 'month' D:\phpStudy\WWW\public_html\Application\Runtime\Cache\Home\2a94b8bda04ff446dcedd42276fc99ee.php 第 56 行.
NOTIC: [8] Use of undefined constant month_target - assumed 'month_target' D:\phpStudy\WWW\public_html\Application\Runtime\Cache\Home\2a94b8bda04ff446dcedd42276fc99ee.php 第 283 行.
NOTIC: [8] Use of undefined constant month - assumed 'month' D:\phpStudy\WWW\public_html\Application\Runtime\Cache\Home\2a94b8bda04ff446dcedd42276fc99ee.php 第 283 行.
INFO: Run Behavior\ParseTemplateBehavior [ RunTime:0.135227s ]
INFO: [ view_parse ] --END-- [ RunTime:0.135423s ]
INFO: [ view_filter ] --START--
INFO: Run Behavior\WriteHtmlCacheBehavior [ RunTime:0.002132s ]
INFO: [ view_filter ] --END-- [ RunTime:0.002301s ]
INFO: [ app_end ] --START--
INFO: Run Behavior\ShowPageTraceBehavior [ RunTime:0.003996s ]
INFO: [ app_end ] --END-- [ RunTime:0.004302s ]

[ 2017-11-03T17:49:13+08:00 ] 127.0.0.1 /index.php/
INFO: [ app_init ] --START--
INFO: Run Behavior\BuildLiteBehavior [ RunTime:0.000051s ]
INFO: [ app_init ] --END-- [ RunTime:0.002352s ]
INFO: [ app_begin ] --START--
INFO: Run Behavior\ReadHtmlCacheBehavior [ RunTime:0.002374s ]
INFO: [ app_begin ] --END-- [ RunTime:0.002571s ]
SQL: SHOW COLUMNS FROM `mgtx_select_time` [ RunTime:0.0360s ]
SQL: SHOW COLUMNS FROM `mgtx_business` [ RunTime:0.0435s ]
SQL: SHOW COLUMNS FROM `mgtx_business_target_year` [ RunTime:0.0424s ]
SQL: SHOW COLUMNS FROM `mgtx_business_target_month` [ RunTime:0.0390s ]
SQL: SHOW COLUMNS FROM `mgtx_business_target_team` [ RunTime:0.0458s ]
SQL: SHOW COLUMNS FROM `mgtx_business_target_personage` [ RunTime:0.0460s ]
SQL: SHOW COLUMNS FROM `mgtx_money_log` [ RunTime:0.0492s ]
SQL: SHOW COLUMNS FROM `mgtx_department` [ RunTime:0.0429s ]
SQL: SHOW COLUMNS FROM `mgtx_mployee` [ RunTime:0.0424s ]
SQL: SHOW COLUMNS FROM `mgtx_last_update` [ RunTime:0.0643s ]
SQL: SELECT * FROM `mgtx_department`  [ RunTime:0.0033s ]
SQL: SELECT * FROM `mgtx_mployee`  [ RunTime:0.0042s ]
NOTIC: [8] Undefined index: month D:\phpStudy\WWW\public_html\Application\Home\Controller\IndexController.class.php 第 45 行.
SQL: SELECT * FROM `mgtx_business_target_year` WHERE (  year='2017' ) LIMIT 1   [ RunTime:0.0024s ]
SQL: SELECT * FROM `mgtx_business_target_month` WHERE (  month='2017-11' ) LIMIT 1   [ RunTime:0.0024s ]
SQL: SELECT * FROM `mgtx_last_update`  [ RunTime:0.0026s ]
SQL: SELECT * FROM `mgtx_business_target_personage` WHERE ( month='2017-11' )  [ RunTime:0.0036s ]
SQL: SELECT * FROM `mgtx_business_target_personage` WHERE ( month in('2017-11','2017-10') )  [ RunTime:0.0031s ]
SQL: SELECT * FROM `mgtx_business_target_team` WHERE ( month='2017-11' )  [ RunTime:0.0028s ]
SQL: SELECT * FROM `mgtx_business_target_team` WHERE ( month in('2017-11','2017-10') )  [ RunTime:0.0031s ]
INFO: [ view_parse ] --START--
INFO: [ template_filter ] --START--
INFO: Run Behavior\ContentReplaceBehavior [ RunTime:0.000553s ]
INFO: [ template_filter ] --END-- [ RunTime:0.000740s ]
NOTIC: [8] Use of undefined constant month_target - assumed 'month_target' D:\phpStudy\WWW\public_html\Application\Runtime\Cache\Home\2a94b8bda04ff446dcedd42276fc99ee.php 第 56 行.
NOTIC: [8] Use of undefined constant month - assumed 'month' D:\phpStudy\WWW\public_html\Application\Runtime\Cache\Home\2a94b8bda04ff446dcedd42276fc99ee.php 第 56 行.
NOTIC: [8] Use of undefined constant month_target - assumed 'month_target' D:\phpStudy\WWW\public_html\Application\Runtime\Cache\Home\2a94b8bda04ff446dcedd42276fc99ee.php 第 283 行.
NOTIC: [8] Use of undefined constant month - assumed 'month' D:\phpStudy\WWW\public_html\Application\Runtime\Cache\Home\2a94b8bda04ff446dcedd42276fc99ee.php 第 283 行.
INFO: Run Behavior\ParseTemplateBehavior [ RunTime:0.178151s ]
INFO: [ view_parse ] --END-- [ RunTime:0.178355s ]
INFO: [ view_filter ] --START--
INFO: Run Behavior\WriteHtmlCacheBehavior [ RunTime:0.007813s ]
INFO: [ view_filter ] --END-- [ RunTime:0.008020s ]
INFO: [ app_end ] --START--
INFO: Run Behavior\ShowPageTraceBehavior [ RunTime:0.007846s ]
INFO: [ app_end ] --END-- [ RunTime:0.008432s ]

