[ 2017-10-10T14:09:04+08:00 ] 115.159.37.77 /index.php/home/Index/Syn_business
INFO: [ app_init ] --START--
INFO: Run Behavior\BuildLiteBehavior [ RunTime:0.000000s ]
INFO: [ app_init ] --END-- [ RunTime:0.000977s ]
INFO: [ app_begin ] --START--
INFO: Run Behavior\ReadHtmlCacheBehavior [ RunTime:0.000976s ]
INFO: [ app_begin ] --END-- [ RunTime:0.000976s ]
SQL: SHOW COLUMNS FROM `mgtx_select_time` [ RunTime:0.0010s ]
SQL: SHOW COLUMNS FROM `mgtx_business` [ RunTime:0.0020s ]
SQL: SHOW COLUMNS FROM `mgtx_business_target_year` [ RunTime:0.0020s ]
SQL: SHOW COLUMNS FROM `mgtx_business_target_month` [ RunTime:0.0088s ]
SQL: SHOW COLUMNS FROM `mgtx_business_target_team` [ RunTime:0.0010s ]
SQL: SHOW COLUMNS FROM `mgtx_business_target_personage` [ RunTime:0.0020s ]
SQL: SHOW COLUMNS FROM `mgtx_department` [ RunTime:0.0020s ]
SQL: SHOW COLUMNS FROM `mgtx_mployee` [ RunTime:0.0010s ]
SQL: SHOW COLUMNS FROM `mgtx_last_update` [ RunTime:0.0020s ]
SQL: SHOW COLUMNS FROM `mgtx_token` [ RunTime:0.0020s ]
SQL: SELECT * FROM `mgtx_token` WHERE `name` = 'access_token' LIMIT 1   [ RunTime:0.0010s ]
NOTIC: [8] Use of undefined constant addtime - assumed 'addtime' D:\phpStudy\WWW\public_html\Application\Common\Common\function.php 第 19 行.
NOTIC: [8] Use of undefined constant token_value - assumed 'token_value' D:\phpStudy\WWW\public_html\Application\Common\Common\function.php 第 24 行.
SQL: SELECT * FROM `mgtx_select_time` LIMIT 1   [ RunTime:0.0000s ]
SQL: UPDATE `mgtx_select_time` SET `last_time`='1507615744000' WHERE `id` = 1 [ RunTime:0.0078s ]
SQL: SELECT `process_id`,`create_time` FROM `mgtx_business` WHERE ( status='RUNNING' or status='NEW' )  [ RunTime:0.0000s ]
NOTIC: [8] Undefined property: stdClass::$process_instance_top_vo D:\phpStudy\WWW\public_html\Application\Common\Common\function.php 第 62 行.
NOTIC: [8] Undefined property: stdClass::$next_cursor D:\phpStudy\WWW\public_html\Application\Common\Common\function.php 第 64 行.
SQL: SELECT * FROM `mgtx_business_target_year` WHERE `year` = 2017 LIMIT 1   [ RunTime:0.0000s ]
SQL: SELECT * FROM `mgtx_business_target_month` WHERE ( month='2017-10' ) LIMIT 1   [ RunTime:0.0000s ]

[ 2017-10-10T14:09:13+08:00 ] 125.69.126.200 /
INFO: [ app_init ] --START--
INFO: Run Behavior\BuildLiteBehavior [ RunTime:0.000000s ]
INFO: [ app_init ] --END-- [ RunTime:0.000000s ]
INFO: [ app_begin ] --START--
INFO: Run Behavior\ReadHtmlCacheBehavior [ RunTime:0.000000s ]
INFO: [ app_begin ] --END-- [ RunTime:0.000000s ]
SQL: SHOW COLUMNS FROM `mgtx_select_time` [ RunTime:0.0020s ]
SQL: SHOW COLUMNS FROM `mgtx_business` [ RunTime:0.0010s ]
SQL: SHOW COLUMNS FROM `mgtx_business_target_year` [ RunTime:0.0010s ]
SQL: SHOW COLUMNS FROM `mgtx_business_target_month` [ RunTime:0.0010s ]
SQL: SHOW COLUMNS FROM `mgtx_business_target_team` [ RunTime:0.0010s ]
SQL: SHOW COLUMNS FROM `mgtx_business_target_personage` [ RunTime:0.0010s ]
SQL: SHOW COLUMNS FROM `mgtx_department` [ RunTime:0.0010s ]
SQL: SHOW COLUMNS FROM `mgtx_mployee` [ RunTime:0.0020s ]
SQL: SHOW COLUMNS FROM `mgtx_last_update` [ RunTime:0.0010s ]
SQL: SELECT * FROM `mgtx_department`  [ RunTime:0.0000s ]
SQL: SELECT * FROM `mgtx_mployee`  [ RunTime:0.0000s ]
SQL: SELECT * FROM `mgtx_business_target_year` WHERE (  year='2017' ) LIMIT 1   [ RunTime:0.0000s ]
SQL: SELECT * FROM `mgtx_business_target_month` WHERE (  month='2017-10' ) LIMIT 1   [ RunTime:0.0000s ]
SQL: SELECT * FROM `mgtx_last_update`  [ RunTime:0.0010s ]
SQL: SELECT * FROM `mgtx_business_target_personage` WHERE ( month='2017-10' )  [ RunTime:0.0000s ]
SQL: SELECT * FROM `mgtx_business_target_team` WHERE ( month='2017-10' )  [ RunTime:0.0000s ]
INFO: [ view_parse ] --START--
INFO: [ template_filter ] --START--
INFO: Run Behavior\ContentReplaceBehavior [ RunTime:0.000000s ]
INFO: [ template_filter ] --END-- [ RunTime:0.000000s ]
NOTIC: [8] Use of undefined constant month_target - assumed 'month_target' D:\phpStudy\WWW\public_html\Application\Runtime\Cache\Home\2a94b8bda04ff446dcedd42276fc99ee.php 第 43 行.
NOTIC: [8] Use of undefined constant month - assumed 'month' D:\phpStudy\WWW\public_html\Application\Runtime\Cache\Home\2a94b8bda04ff446dcedd42276fc99ee.php 第 43 行.
INFO: Run Behavior\ParseTemplateBehavior [ RunTime:0.016602s ]
INFO: [ view_parse ] --END-- [ RunTime:0.017578s ]
INFO: [ view_filter ] --START--
INFO: Run Behavior\WriteHtmlCacheBehavior [ RunTime:0.000977s ]
INFO: [ view_filter ] --END-- [ RunTime:0.000977s ]
INFO: [ app_end ] --START--
INFO: Run Behavior\ShowPageTraceBehavior [ RunTime:0.000000s ]
INFO: [ app_end ] --END-- [ RunTime:0.000000s ]

[ 2017-10-10T14:09:49+08:00 ] 125.69.126.200 /
INFO: [ app_init ] --START--
INFO: Run Behavior\BuildLiteBehavior [ RunTime:0.000000s ]
INFO: [ app_init ] --END-- [ RunTime:0.000000s ]
INFO: [ app_begin ] --START--
INFO: Run Behavior\ReadHtmlCacheBehavior [ RunTime:0.000977s ]
INFO: [ app_begin ] --END-- [ RunTime:0.000977s ]
SQL: SHOW COLUMNS FROM `mgtx_select_time` [ RunTime:0.0020s ]
SQL: SHOW COLUMNS FROM `mgtx_business` [ RunTime:0.0020s ]
SQL: SHOW COLUMNS FROM `mgtx_business_target_year` [ RunTime:0.0020s ]
SQL: SHOW COLUMNS FROM `mgtx_business_target_month` [ RunTime:0.0020s ]
SQL: SHOW COLUMNS FROM `mgtx_business_target_team` [ RunTime:0.0020s ]
SQL: SHOW COLUMNS FROM `mgtx_business_target_personage` [ RunTime:0.0020s ]
SQL: SHOW COLUMNS FROM `mgtx_department` [ RunTime:0.0020s ]
SQL: SHOW COLUMNS FROM `mgtx_mployee` [ RunTime:0.0010s ]
SQL: SHOW COLUMNS FROM `mgtx_last_update` [ RunTime:0.0020s ]
SQL: SELECT * FROM `mgtx_department`  [ RunTime:0.0000s ]
SQL: SELECT * FROM `mgtx_mployee`  [ RunTime:0.0000s ]
SQL: SELECT * FROM `mgtx_business_target_year` WHERE (  year='2017' ) LIMIT 1   [ RunTime:0.0000s ]
SQL: SELECT * FROM `mgtx_business_target_month` WHERE (  month='2017-10' ) LIMIT 1   [ RunTime:0.0000s ]
SQL: SELECT * FROM `mgtx_last_update`  [ RunTime:0.0010s ]
SQL: SELECT * FROM `mgtx_business_target_personage` WHERE ( month='2017-10' )  [ RunTime:0.0000s ]
SQL: SELECT * FROM `mgtx_business_target_team` WHERE ( month='2017-10' )  [ RunTime:0.0010s ]
INFO: [ view_parse ] --START--
INFO: [ template_filter ] --START--
INFO: Run Behavior\ContentReplaceBehavior [ RunTime:0.000000s ]
INFO: [ template_filter ] --END-- [ RunTime:0.000000s ]
NOTIC: [8] Use of undefined constant month_target - assumed 'month_target' D:\phpStudy\WWW\public_html\Application\Runtime\Cache\Home\2a94b8bda04ff446dcedd42276fc99ee.php 第 43 行.
NOTIC: [8] Use of undefined constant month - assumed 'month' D:\phpStudy\WWW\public_html\Application\Runtime\Cache\Home\2a94b8bda04ff446dcedd42276fc99ee.php 第 43 行.
INFO: Run Behavior\ParseTemplateBehavior [ RunTime:0.012695s ]
INFO: [ view_parse ] --END-- [ RunTime:0.012695s ]
INFO: [ view_filter ] --START--
INFO: Run Behavior\WriteHtmlCacheBehavior [ RunTime:0.000000s ]
INFO: [ view_filter ] --END-- [ RunTime:0.000000s ]
INFO: [ app_end ] --START--
INFO: Run Behavior\ShowPageTraceBehavior [ RunTime:0.000000s ]
INFO: [ app_end ] --END-- [ RunTime:0.000977s ]

[ 2017-10-10T14:10:01+08:00 ] 115.159.37.77 /index.php/home/Index/Syn_business
INFO: [ app_init ] --START--
INFO: Run Behavior\BuildLiteBehavior [ RunTime:0.000000s ]
INFO: [ app_init ] --END-- [ RunTime:0.000000s ]
INFO: [ app_begin ] --START--
INFO: Run Behavior\ReadHtmlCacheBehavior [ RunTime:0.000000s ]
INFO: [ app_begin ] --END-- [ RunTime:0.000000s ]
SQL: SHOW COLUMNS FROM `mgtx_select_time` [ RunTime:0.0000s ]
SQL: SHOW COLUMNS FROM `mgtx_business` [ RunTime:0.0000s ]
SQL: SHOW COLUMNS FROM `mgtx_business_target_year` [ RunTime:0.0000s ]
SQL: SHOW COLUMNS FROM `mgtx_business_target_month` [ RunTime:0.0000s ]
SQL: SHOW COLUMNS FROM `mgtx_business_target_team` [ RunTime:0.0107s ]
SQL: SHOW COLUMNS FROM `mgtx_business_target_personage` [ RunTime:0.0000s ]
SQL: SHOW COLUMNS FROM `mgtx_department` [ RunTime:0.0000s ]
SQL: SHOW COLUMNS FROM `mgtx_mployee` [ RunTime:0.0000s ]
SQL: SHOW COLUMNS FROM `mgtx_last_update` [ RunTime:0.0000s ]
SQL: SHOW COLUMNS FROM `mgtx_token` [ RunTime:0.0000s ]
SQL: SELECT * FROM `mgtx_token` WHERE `name` = 'access_token' LIMIT 1   [ RunTime:0.0000s ]
NOTIC: [8] Use of undefined constant addtime - assumed 'addtime' D:\phpStudy\WWW\public_html\Application\Common\Common\function.php 第 19 行.
NOTIC: [8] Use of undefined constant token_value - assumed 'token_value' D:\phpStudy\WWW\public_html\Application\Common\Common\function.php 第 24 行.
SQL: SELECT * FROM `mgtx_select_time` LIMIT 1   [ RunTime:0.0000s ]
SQL: UPDATE `mgtx_select_time` SET `last_time`='1507615801000' WHERE `id` = 1 [ RunTime:0.0713s ]
SQL: SELECT `process_id`,`create_time` FROM `mgtx_business` WHERE ( status='RUNNING' or status='NEW' )  [ RunTime:0.0000s ]
NOTIC: [8] Undefined property: stdClass::$process_instance_top_vo D:\phpStudy\WWW\public_html\Application\Common\Common\function.php 第 62 行.
NOTIC: [8] Undefined property: stdClass::$next_cursor D:\phpStudy\WWW\public_html\Application\Common\Common\function.php 第 64 行.
SQL: SELECT * FROM `mgtx_business_target_year` WHERE `year` = 2017 LIMIT 1   [ RunTime:0.0010s ]
SQL: SELECT * FROM `mgtx_business_target_month` WHERE ( month='2017-10' ) LIMIT 1   [ RunTime:0.0000s ]

[ 2017-10-10T14:10:51+08:00 ] 125.69.126.200 /
INFO: [ app_init ] --START--
INFO: Run Behavior\BuildLiteBehavior [ RunTime:0.000000s ]
INFO: [ app_init ] --END-- [ RunTime:0.000000s ]
INFO: [ app_begin ] --START--
INFO: Run Behavior\ReadHtmlCacheBehavior [ RunTime:0.000000s ]
INFO: [ app_begin ] --END-- [ RunTime:0.000000s ]
SQL: SHOW COLUMNS FROM `mgtx_select_time` [ RunTime:0.0010s ]
SQL: SHOW COLUMNS FROM `mgtx_business` [ RunTime:0.0020s ]
SQL: SHOW COLUMNS FROM `mgtx_business_target_year` [ RunTime:0.0010s ]
SQL: SHOW COLUMNS FROM `mgtx_business_target_month` [ RunTime:0.0010s ]
SQL: SHOW COLUMNS FROM `mgtx_business_target_team` [ RunTime:0.0010s ]
SQL: SHOW COLUMNS FROM `mgtx_business_target_personage` [ RunTime:0.0010s ]
SQL: SHOW COLUMNS FROM `mgtx_department` [ RunTime:0.0010s ]
SQL: SHOW COLUMNS FROM `mgtx_mployee` [ RunTime:0.0020s ]
SQL: SHOW COLUMNS FROM `mgtx_last_update` [ RunTime:0.0020s ]
SQL: SELECT * FROM `mgtx_department`  [ RunTime:0.0000s ]
SQL: SELECT * FROM `mgtx_mployee`  [ RunTime:0.0010s ]
SQL: SELECT * FROM `mgtx_business_target_year` WHERE (  year='2017' ) LIMIT 1   [ RunTime:0.0000s ]
SQL: SELECT * FROM `mgtx_business_target_month` WHERE (  month='2017-10' ) LIMIT 1   [ RunTime:0.0000s ]
SQL: SELECT * FROM `mgtx_last_update`  [ RunTime:0.0000s ]
SQL: SELECT * FROM `mgtx_business_target_personage` WHERE ( month='2017-10' )  [ RunTime:0.0000s ]
SQL: SELECT * FROM `mgtx_business_target_team` WHERE ( month='2017-10' )  [ RunTime:0.0000s ]
INFO: [ view_parse ] --START--
INFO: [ template_filter ] --START--
INFO: Run Behavior\ContentReplaceBehavior [ RunTime:0.000000s ]
INFO: [ template_filter ] --END-- [ RunTime:0.000000s ]
NOTIC: [8] Use of undefined constant month_target - assumed 'month_target' D:\phpStudy\WWW\public_html\Application\Runtime\Cache\Home\2a94b8bda04ff446dcedd42276fc99ee.php 第 43 行.
NOTIC: [8] Use of undefined constant month - assumed 'month' D:\phpStudy\WWW\public_html\Application\Runtime\Cache\Home\2a94b8bda04ff446dcedd42276fc99ee.php 第 43 行.
INFO: Run Behavior\ParseTemplateBehavior [ RunTime:0.007812s ]
INFO: [ view_parse ] --END-- [ RunTime:0.007812s ]
INFO: [ view_filter ] --START--
INFO: Run Behavior\WriteHtmlCacheBehavior [ RunTime:0.000000s ]
INFO: [ view_filter ] --END-- [ RunTime:0.000000s ]
INFO: [ app_end ] --START--
INFO: Run Behavior\ShowPageTraceBehavior [ RunTime:0.000977s ]
INFO: [ app_end ] --END-- [ RunTime:0.000977s ]

[ 2017-10-10T14:11:02+08:00 ] 115.159.37.77 /index.php/home/Index/Syn_business
INFO: [ app_init ] --START--
INFO: Run Behavior\BuildLiteBehavior [ RunTime:0.000000s ]
INFO: [ app_init ] --END-- [ RunTime:0.000000s ]
INFO: [ app_begin ] --START--
INFO: Run Behavior\ReadHtmlCacheBehavior [ RunTime:0.000976s ]
INFO: [ app_begin ] --END-- [ RunTime:0.000976s ]
SQL: SHOW COLUMNS FROM `mgtx_select_time` [ RunTime:0.0010s ]
SQL: SHOW COLUMNS FROM `mgtx_business` [ RunTime:0.0020s ]
SQL: SHOW COLUMNS FROM `mgtx_business_target_year` [ RunTime:0.0010s ]
SQL: SHOW COLUMNS FROM `mgtx_business_target_month` [ RunTime:0.0010s ]
SQL: SHOW COLUMNS FROM `mgtx_business_target_team` [ RunTime:0.0020s ]
SQL: SHOW COLUMNS FROM `mgtx_business_target_personage` [ RunTime:0.0020s ]
SQL: SHOW COLUMNS FROM `mgtx_department` [ RunTime:0.0010s ]
SQL: SHOW COLUMNS FROM `mgtx_mployee` [ RunTime:0.0010s ]
SQL: SHOW COLUMNS FROM `mgtx_last_update` [ RunTime:0.0020s ]
SQL: SHOW COLUMNS FROM `mgtx_token` [ RunTime:0.0020s ]
SQL: SELECT * FROM `mgtx_token` WHERE `name` = 'access_token' LIMIT 1   [ RunTime:0.0010s ]
NOTIC: [8] Use of undefined constant addtime - assumed 'addtime' D:\phpStudy\WWW\public_html\Application\Common\Common\function.php 第 19 行.
NOTIC: [8] Use of undefined constant token_value - assumed 'token_value' D:\phpStudy\WWW\public_html\Application\Common\Common\function.php 第 24 行.
SQL: SELECT * FROM `mgtx_select_time` LIMIT 1   [ RunTime:0.0000s ]
SQL: UPDATE `mgtx_select_time` SET `last_time`='1507615862000' WHERE `id` = 1 [ RunTime:0.0059s ]
SQL: SELECT `process_id`,`create_time` FROM `mgtx_business` WHERE ( status='RUNNING' or status='NEW' )  [ RunTime:0.0000s ]
NOTIC: [8] Undefined property: stdClass::$next_cursor D:\phpStudy\WWW\public_html\Application\Common\Common\function.php 第 64 行.
NOTIC: [8] Use of undefined constant userid - assumed 'userid' D:\phpStudy\WWW\public_html\Application\Common\Common\function.php 第 69 行.
NOTIC: [8] Use of undefined constant process_id - assumed 'process_id' D:\phpStudy\WWW\public_html\Application\Common\Common\function.php 第 70 行.
NOTIC: [8] Use of undefined constant title - assumed 'title' D:\phpStudy\WWW\public_html\Application\Common\Common\function.php 第 71 行.
NOTIC: [8] Use of undefined constant status - assumed 'status' D:\phpStudy\WWW\public_html\Application\Common\Common\function.php 第 72 行.
NOTIC: [8] Use of undefined constant process_result - assumed 'process_result' D:\phpStudy\WWW\public_html\Application\Common\Common\function.php 第 73 行.
NOTIC: [8] Use of undefined constant create_time - assumed 'create_time' D:\phpStudy\WWW\public_html\Application\Common\Common\function.php 第 74 行.
NOTIC: [8] Use of undefined constant finish_time - assumed 'finish_time' D:\phpStudy\WWW\public_html\Application\Common\Common\function.php 第 75 行.
NOTIC: [8] Use of undefined constant units_name - assumed 'units_name' D:\phpStudy\WWW\public_html\Application\Common\Common\function.php 第 80 行.
NOTIC: [8] Use of undefined constant payment - assumed 'payment' D:\phpStudy\WWW\public_html\Application\Common\Common\function.php 第 83 行.
NOTIC: [8] Use of undefined constant cause - assumed 'cause' D:\phpStudy\WWW\public_html\Application\Common\Common\function.php 第 86 行.
NOTIC: [8] Use of undefined constant version - assumed 'version' D:\phpStudy\WWW\public_html\Application\Common\Common\function.php 第 89 行.
NOTIC: [8] Use of undefined constant type - assumed 'type' D:\phpStudy\WWW\public_html\Application\Common\Common\function.php 第 92 行.
NOTIC: [8] Use of undefined constant user_num - assumed 'user_num' D:\phpStudy\WWW\public_html\Application\Common\Common\function.php 第 95 行.
NOTIC: [8] Use of undefined constant age_limit - assumed 'age_limit' D:\phpStudy\WWW\public_html\Application\Common\Common\function.php 第 98 行.
NOTIC: [8] Use of undefined constant discount - assumed 'discount' D:\phpStudy\WWW\public_html\Application\Common\Common\function.php 第 101 行.
NOTIC: [8] Use of undefined constant money - assumed 'money' D:\phpStudy\WWW\public_html\Application\Common\Common\function.php 第 104 行.
NOTIC: [8] Use of undefined constant remarks - assumed 'remarks' D:\phpStudy\WWW\public_html\Application\Common\Common\function.php 第 107 行.
NOTIC: [8] Undefined property: stdClass::$value D:\phpStudy\WWW\public_html\Application\Common\Common\function.php 第 107 行.
NOTIC: [8] Use of undefined constant process_id - assumed 'process_id' D:\phpStudy\WWW\public_html\Application\Home\Controller\IndexController.class.php 第 134 行.
SQL: SELECT `id` FROM `mgtx_business` WHERE ( process_id='1b7415cb-798e-4e75-99b1-3f6217d3d2e8' ) LIMIT 1   [ RunTime:0.0010s ]
SQL: INSERT INTO `mgtx_business` (`userid`,`process_id`,`title`,`status`,`process_result`,`create_time`,`finish_time`,`units_name`,`payment`,`cause`,`version`,`type`,`user_num`,`age_limit`,`discount`,`money`,`remarks`) VALUES ('093207484232217200','1b7415cb-798e-4e75-99b1-3f6217d3d2e8','罗海兰的客户付款核实','RUNNING','','2017-10-10 14:10:16','','成都环投企业管理有限公司','成都冠一对公','腾讯企业邮箱','不分版本','新开','20','1年','默认无折扣','2960','') [ RunTime:0.0098s ]
SQL: SELECT * FROM `mgtx_business_target_year` WHERE `year` = 2017 LIMIT 1   [ RunTime:0.0000s ]
SQL: SELECT * FROM `mgtx_business_target_month` WHERE ( month='2017-10' ) LIMIT 1   [ RunTime:0.0000s ]

[ 2017-10-10T14:11:53+08:00 ] 125.69.126.200 /
INFO: [ app_init ] --START--
INFO: Run Behavior\BuildLiteBehavior [ RunTime:0.000000s ]
INFO: [ app_init ] --END-- [ RunTime:0.000000s ]
INFO: [ app_begin ] --START--
INFO: Run Behavior\ReadHtmlCacheBehavior [ RunTime:0.000000s ]
INFO: [ app_begin ] --END-- [ RunTime:0.000000s ]
SQL: SHOW COLUMNS FROM `mgtx_select_time` [ RunTime:0.0020s ]
SQL: SHOW COLUMNS FROM `mgtx_business` [ RunTime:0.0010s ]
SQL: SHOW COLUMNS FROM `mgtx_business_target_year` [ RunTime:0.0010s ]
SQL: SHOW COLUMNS FROM `mgtx_business_target_month` [ RunTime:0.0010s ]
SQL: SHOW COLUMNS FROM `mgtx_business_target_team` [ RunTime:0.0010s ]
SQL: SHOW COLUMNS FROM `mgtx_business_target_personage` [ RunTime:0.0010s ]
SQL: SHOW COLUMNS FROM `mgtx_department` [ RunTime:0.0010s ]
SQL: SHOW COLUMNS FROM `mgtx_mployee` [ RunTime:0.0020s ]
SQL: SHOW COLUMNS FROM `mgtx_last_update` [ RunTime:0.0010s ]
SQL: SELECT * FROM `mgtx_department`  [ RunTime:0.0000s ]
SQL: SELECT * FROM `mgtx_mployee`  [ RunTime:0.0000s ]
SQL: SELECT * FROM `mgtx_business_target_year` WHERE (  year='2017' ) LIMIT 1   [ RunTime:0.0000s ]
SQL: SELECT * FROM `mgtx_business_target_month` WHERE (  month='2017-10' ) LIMIT 1   [ RunTime:0.0000s ]
SQL: SELECT * FROM `mgtx_last_update`  [ RunTime:0.0000s ]
SQL: SELECT * FROM `mgtx_business_target_personage` WHERE ( month='2017-10' )  [ RunTime:0.0000s ]
SQL: SELECT * FROM `mgtx_business_target_team` WHERE ( month='2017-10' )  [ RunTime:0.0000s ]
INFO: [ view_parse ] --START--
INFO: [ template_filter ] --START--
INFO: Run Behavior\ContentReplaceBehavior [ RunTime:0.000000s ]
INFO: [ template_filter ] --END-- [ RunTime:0.000000s ]
NOTIC: [8] Use of undefined constant month_target - assumed 'month_target' D:\phpStudy\WWW\public_html\Application\Runtime\Cache\Home\2a94b8bda04ff446dcedd42276fc99ee.php 第 43 行.
NOTIC: [8] Use of undefined constant month - assumed 'month' D:\phpStudy\WWW\public_html\Application\Runtime\Cache\Home\2a94b8bda04ff446dcedd42276fc99ee.php 第 43 行.
INFO: Run Behavior\ParseTemplateBehavior [ RunTime:0.007812s ]
INFO: [ view_parse ] --END-- [ RunTime:0.007812s ]
INFO: [ view_filter ] --START--
INFO: Run Behavior\WriteHtmlCacheBehavior [ RunTime:0.000977s ]
INFO: [ view_filter ] --END-- [ RunTime:0.000977s ]
INFO: [ app_end ] --START--
INFO: Run Behavior\ShowPageTraceBehavior [ RunTime:0.000000s ]
INFO: [ app_end ] --END-- [ RunTime:0.000000s ]

[ 2017-10-10T14:12:01+08:00 ] 115.159.37.77 /index.php/home/Index/Syn_business
INFO: [ app_init ] --START--
INFO: Run Behavior\BuildLiteBehavior [ RunTime:0.000000s ]
INFO: [ app_init ] --END-- [ RunTime:0.000977s ]
INFO: [ app_begin ] --START--
INFO: Run Behavior\ReadHtmlCacheBehavior [ RunTime:0.000000s ]
INFO: [ app_begin ] --END-- [ RunTime:0.000000s ]
SQL: SHOW COLUMNS FROM `mgtx_select_time` [ RunTime:0.0020s ]
SQL: SHOW COLUMNS FROM `mgtx_business` [ RunTime:0.0020s ]
SQL: SHOW COLUMNS FROM `mgtx_business_target_year` [ RunTime:0.0020s ]
SQL: SHOW COLUMNS FROM `mgtx_business_target_month` [ RunTime:0.0010s ]
SQL: SHOW COLUMNS FROM `mgtx_business_target_team` [ RunTime:0.0000s ]
SQL: SHOW COLUMNS FROM `mgtx_business_target_personage` [ RunTime:0.0039s ]
SQL: SHOW COLUMNS FROM `mgtx_department` [ RunTime:0.0010s ]
SQL: SHOW COLUMNS FROM `mgtx_mployee` [ RunTime:0.0010s ]
SQL: SHOW COLUMNS FROM `mgtx_last_update` [ RunTime:0.0049s ]
SQL: SHOW COLUMNS FROM `mgtx_token` [ RunTime:0.0020s ]
SQL: SELECT * FROM `mgtx_token` WHERE `name` = 'access_token' LIMIT 1   [ RunTime:0.0000s ]
NOTIC: [8] Use of undefined constant addtime - assumed 'addtime' D:\phpStudy\WWW\public_html\Application\Common\Common\function.php 第 19 行.
NOTIC: [8] Use of undefined constant token_value - assumed 'token_value' D:\phpStudy\WWW\public_html\Application\Common\Common\function.php 第 24 行.
SQL: SELECT * FROM `mgtx_select_time` LIMIT 1   [ RunTime:0.0000s ]
SQL: UPDATE `mgtx_select_time` SET `last_time`='1507615921000' WHERE `id` = 1 [ RunTime:0.0117s ]
SQL: SELECT `process_id`,`create_time` FROM `mgtx_business` WHERE ( status='RUNNING' or status='NEW' )  [ RunTime:0.0000s ]
NOTIC: [8] Use of undefined constant flase - assumed 'flase' D:\phpStudy\WWW\public_html\Application\Home\Controller\IndexController.class.php 第 110 行.
NOTIC: [8] Use of undefined constant userid - assumed 'userid' D:\phpStudy\WWW\public_html\Application\Common\Common\function.php 第 69 行.
NOTIC: [8] Use of undefined constant process_id - assumed 'process_id' D:\phpStudy\WWW\public_html\Application\Common\Common\function.php 第 70 行.
NOTIC: [8] Use of undefined constant title - assumed 'title' D:\phpStudy\WWW\public_html\Application\Common\Common\function.php 第 71 行.
NOTIC: [8] Use of undefined constant status - assumed 'status' D:\phpStudy\WWW\public_html\Application\Common\Common\function.php 第 72 行.
NOTIC: [8] Use of undefined constant process_result - assumed 'process_result' D:\phpStudy\WWW\public_html\Application\Common\Common\function.php 第 73 行.
NOTIC: [8] Use of undefined constant create_time - assumed 'create_time' D:\phpStudy\WWW\public_html\Application\Common\Common\function.php 第 74 行.
NOTIC: [8] Use of undefined constant finish_time - assumed 'finish_time' D:\phpStudy\WWW\public_html\Application\Common\Common\function.php 第 75 行.
NOTIC: [8] Use of undefined constant units_name - assumed 'units_name' D:\phpStudy\WWW\public_html\Application\Common\Common\function.php 第 80 行.
NOTIC: [8] Use of undefined constant payment - assumed 'payment' D:\phpStudy\WWW\public_html\Application\Common\Common\function.php 第 83 行.
NOTIC: [8] Use of undefined constant cause - assumed 'cause' D:\phpStudy\WWW\public_html\Application\Common\Common\function.php 第 86 行.
NOTIC: [8] Use of undefined constant version - assumed 'version' D:\phpStudy\WWW\public_html\Application\Common\Common\function.php 第 89 行.
NOTIC: [8] Use of undefined constant type - assumed 'type' D:\phpStudy\WWW\public_html\Application\Common\Common\function.php 第 92 行.
NOTIC: [8] Use of undefined constant user_num - assumed 'user_num' D:\phpStudy\WWW\public_html\Application\Common\Common\function.php 第 95 行.
NOTIC: [8] Use of undefined constant age_limit - assumed 'age_limit' D:\phpStudy\WWW\public_html\Application\Common\Common\function.php 第 98 行.
NOTIC: [8] Use of undefined constant discount - assumed 'discount' D:\phpStudy\WWW\public_html\Application\Common\Common\function.php 第 101 行.
NOTIC: [8] Use of undefined constant money - assumed 'money' D:\phpStudy\WWW\public_html\Application\Common\Common\function.php 第 104 行.
NOTIC: [8] Use of undefined constant remarks - assumed 'remarks' D:\phpStudy\WWW\public_html\Application\Common\Common\function.php 第 107 行.
NOTIC: [8] Undefined property: stdClass::$value D:\phpStudy\WWW\public_html\Application\Common\Common\function.php 第 107 行.
NOTIC: [2] Illegal offset type in isset or empty D:\phpStudy\WWW\public_html\ThinkPHP\Library\Think\Model.class.php 第 445 行.
SQL: UPDATE `mgtx_business` SET `userid`='093207484232217200',`process_id`='1b7415cb-798e-4e75-99b1-3f6217d3d2e8',`title`='罗海兰的客户付款核实',`status`='RUNNING',`process_result`='',`create_time`='2017-10-10 14:10:16',`finish_time`='',`units_name`='成都环投企业管理有限公司',`payment`='成都冠一对公',`cause`='腾讯企业邮箱',`version`='不分版本',`type`='新开',`user_num`='20',`age_limit`='1年',`discount`='默认无折扣',`money`='2960',`remarks`='' WHERE `process_id` = '1b7415cb-798e-4e75-99b1-3f6217d3d2e8' AND `create_time` = '2017-10-10 14'不分版本'''' [ RunTime:0.0010s ]
NOTIC: [8] Undefined property: stdClass::$process_instance_top_vo D:\phpStudy\WWW\public_html\Application\Common\Common\function.php 第 62 行.
NOTIC: [8] Undefined property: stdClass::$next_cursor D:\phpStudy\WWW\public_html\Application\Common\Common\function.php 第 64 行.
SQL: SELECT * FROM `mgtx_business_target_year` WHERE `year` = 2017 LIMIT 1   [ RunTime:0.0000s ]
SQL: SELECT * FROM `mgtx_business_target_month` WHERE ( month='2017-10' ) LIMIT 1   [ RunTime:0.0000s ]

[ 2017-10-10T14:12:54+08:00 ] 125.69.126.200 /
INFO: [ app_init ] --START--
INFO: Run Behavior\BuildLiteBehavior [ RunTime:0.000000s ]
INFO: [ app_init ] --END-- [ RunTime:0.000000s ]
INFO: [ app_begin ] --START--
INFO: Run Behavior\ReadHtmlCacheBehavior [ RunTime:0.000000s ]
INFO: [ app_begin ] --END-- [ RunTime:0.000000s ]
SQL: SHOW COLUMNS FROM `mgtx_select_time` [ RunTime:0.0020s ]
SQL: SHOW COLUMNS FROM `mgtx_business` [ RunTime:0.0010s ]
SQL: SHOW COLUMNS FROM `mgtx_business_target_year` [ RunTime:0.0020s ]
SQL: SHOW COLUMNS FROM `mgtx_business_target_month` [ RunTime:0.0010s ]
SQL: SHOW COLUMNS FROM `mgtx_business_target_team` [ RunTime:0.0010s ]
SQL: SHOW COLUMNS FROM `mgtx_business_target_personage` [ RunTime:0.0020s ]
SQL: SHOW COLUMNS FROM `mgtx_department` [ RunTime:0.0010s ]
SQL: SHOW COLUMNS FROM `mgtx_mployee` [ RunTime:0.0010s ]
SQL: SHOW COLUMNS FROM `mgtx_last_update` [ RunTime:0.0020s ]
SQL: SELECT * FROM `mgtx_department`  [ RunTime:0.0000s ]
SQL: SELECT * FROM `mgtx_mployee`  [ RunTime:0.0010s ]
SQL: SELECT * FROM `mgtx_business_target_year` WHERE (  year='2017' ) LIMIT 1   [ RunTime:0.0000s ]
SQL: SELECT * FROM `mgtx_business_target_month` WHERE (  month='2017-10' ) LIMIT 1   [ RunTime:0.0010s ]
SQL: SELECT * FROM `mgtx_last_update`  [ RunTime:0.0000s ]
SQL: SELECT * FROM `mgtx_business_target_personage` WHERE ( month='2017-10' )  [ RunTime:0.0000s ]
SQL: SELECT * FROM `mgtx_business_target_team` WHERE ( month='2017-10' )  [ RunTime:0.0010s ]
INFO: [ view_parse ] --START--
INFO: [ template_filter ] --START--
INFO: Run Behavior\ContentReplaceBehavior [ RunTime:0.000000s ]
INFO: [ template_filter ] --END-- [ RunTime:0.000000s ]
NOTIC: [8] Use of undefined constant month_target - assumed 'month_target' D:\phpStudy\WWW\public_html\Application\Runtime\Cache\Home\2a94b8bda04ff446dcedd42276fc99ee.php 第 43 行.
NOTIC: [8] Use of undefined constant month - assumed 'month' D:\phpStudy\WWW\public_html\Application\Runtime\Cache\Home\2a94b8bda04ff446dcedd42276fc99ee.php 第 43 行.
INFO: Run Behavior\ParseTemplateBehavior [ RunTime:0.008789s ]
INFO: [ view_parse ] --END-- [ RunTime:0.008789s ]
INFO: [ view_filter ] --START--
INFO: Run Behavior\WriteHtmlCacheBehavior [ RunTime:0.000000s ]
INFO: [ view_filter ] --END-- [ RunTime:0.000000s ]
INFO: [ app_end ] --START--
INFO: Run Behavior\ShowPageTraceBehavior [ RunTime:0.000976s ]
INFO: [ app_end ] --END-- [ RunTime:0.000976s ]

[ 2017-10-10T14:13:01+08:00 ] 115.159.37.77 /index.php/home/Index/Syn_business
INFO: [ app_init ] --START--
INFO: Run Behavior\BuildLiteBehavior [ RunTime:0.000000s ]
INFO: [ app_init ] --END-- [ RunTime:0.000977s ]
INFO: [ app_begin ] --START--
INFO: Run Behavior\ReadHtmlCacheBehavior [ RunTime:0.000976s ]
INFO: [ app_begin ] --END-- [ RunTime:0.000976s ]
SQL: SHOW COLUMNS FROM `mgtx_select_time` [ RunTime:0.0020s ]
SQL: SHOW COLUMNS FROM `mgtx_business` [ RunTime:0.0010s ]
SQL: SHOW COLUMNS FROM `mgtx_business_target_year` [ RunTime:0.0020s ]
SQL: SHOW COLUMNS FROM `mgtx_business_target_month` [ RunTime:0.0010s ]
SQL: SHOW COLUMNS FROM `mgtx_business_target_team` [ RunTime:0.0020s ]
SQL: SHOW COLUMNS FROM `mgtx_business_target_personage` [ RunTime:0.0010s ]
SQL: SHOW COLUMNS FROM `mgtx_department` [ RunTime:0.0020s ]
SQL: SHOW COLUMNS FROM `mgtx_mployee` [ RunTime:0.0010s ]
SQL: SHOW COLUMNS FROM `mgtx_last_update` [ RunTime:0.0020s ]
SQL: SHOW COLUMNS FROM `mgtx_token` [ RunTime:0.0010s ]
SQL: SELECT * FROM `mgtx_token` WHERE `name` = 'access_token' LIMIT 1   [ RunTime:0.0010s ]
NOTIC: [8] Use of undefined constant addtime - assumed 'addtime' D:\phpStudy\WWW\public_html\Application\Common\Common\function.php 第 19 行.
NOTIC: [8] Use of undefined constant token_value - assumed 'token_value' D:\phpStudy\WWW\public_html\Application\Common\Common\function.php 第 24 行.
SQL: SELECT * FROM `mgtx_select_time` LIMIT 1   [ RunTime:0.0000s ]
SQL: UPDATE `mgtx_select_time` SET `last_time`='1507615981000' WHERE `id` = 1 [ RunTime:0.0078s ]
SQL: SELECT `process_id`,`create_time` FROM `mgtx_business` WHERE ( status='RUNNING' or status='NEW' )  [ RunTime:0.0010s ]
NOTIC: [8] Use of undefined constant flase - assumed 'flase' D:\phpStudy\WWW\public_html\Application\Home\Controller\IndexController.class.php 第 110 行.
NOTIC: [8] Use of undefined constant userid - assumed 'userid' D:\phpStudy\WWW\public_html\Application\Common\Common\function.php 第 69 行.
NOTIC: [8] Use of undefined constant process_id - assumed 'process_id' D:\phpStudy\WWW\public_html\Application\Common\Common\function.php 第 70 行.
NOTIC: [8] Use of undefined constant title - assumed 'title' D:\phpStudy\WWW\public_html\Application\Common\Common\function.php 第 71 行.
NOTIC: [8] Use of undefined constant status - assumed 'status' D:\phpStudy\WWW\public_html\Application\Common\Common\function.php 第 72 行.
NOTIC: [8] Use of undefined constant process_result - assumed 'process_result' D:\phpStudy\WWW\public_html\Application\Common\Common\function.php 第 73 行.
NOTIC: [8] Use of undefined constant create_time - assumed 'create_time' D:\phpStudy\WWW\public_html\Application\Common\Common\function.php 第 74 行.
NOTIC: [8] Use of undefined constant finish_time - assumed 'finish_time' D:\phpStudy\WWW\public_html\Application\Common\Common\function.php 第 75 行.
NOTIC: [8] Use of undefined constant units_name - assumed 'units_name' D:\phpStudy\WWW\public_html\Application\Common\Common\function.php 第 80 行.
NOTIC: [8] Use of undefined constant payment - assumed 'payment' D:\phpStudy\WWW\public_html\Application\Common\Common\function.php 第 83 行.
NOTIC: [8] Use of undefined constant cause - assumed 'cause' D:\phpStudy\WWW\public_html\Application\Common\Common\function.php 第 86 行.
NOTIC: [8] Use of undefined constant version - assumed 'version' D:\phpStudy\WWW\public_html\Application\Common\Common\function.php 第 89 行.
NOTIC: [8] Use of undefined constant type - assumed 'type' D:\phpStudy\WWW\public_html\Application\Common\Common\function.php 第 92 行.
NOTIC: [8] Use of undefined constant user_num - assumed 'user_num' D:\phpStudy\WWW\public_html\Application\Common\Common\function.php 第 95 行.
NOTIC: [8] Use of undefined constant age_limit - assumed 'age_limit' D:\phpStudy\WWW\public_html\Application\Common\Common\function.php 第 98 行.
NOTIC: [8] Use of undefined constant discount - assumed 'discount' D:\phpStudy\WWW\public_html\Application\Common\Common\function.php 第 101 行.
NOTIC: [8] Use of undefined constant money - assumed 'money' D:\phpStudy\WWW\public_html\Application\Common\Common\function.php 第 104 行.
NOTIC: [8] Use of undefined constant remarks - assumed 'remarks' D:\phpStudy\WWW\public_html\Application\Common\Common\function.php 第 107 行.
NOTIC: [8] Undefined property: stdClass::$value D:\phpStudy\WWW\public_html\Application\Common\Common\function.php 第 107 行.
NOTIC: [2] Illegal offset type in isset or empty D:\phpStudy\WWW\public_html\ThinkPHP\Library\Think\Model.class.php 第 445 行.
SQL: UPDATE `mgtx_business` SET `userid`='093207484232217200',`process_id`='1b7415cb-798e-4e75-99b1-3f6217d3d2e8',`title`='罗海兰的客户付款核实',`status`='RUNNING',`process_result`='',`create_time`='2017-10-10 14:10:16',`finish_time`='',`units_name`='成都环投企业管理有限公司',`payment`='成都冠一对公',`cause`='腾讯企业邮箱',`version`='不分版本',`type`='新开',`user_num`='20',`age_limit`='1年',`discount`='默认无折扣',`money`='2960',`remarks`='' WHERE `process_id` = '1b7415cb-798e-4e75-99b1-3f6217d3d2e8' AND `create_time` = '2017-10-10 14'不分版本'''' [ RunTime:0.0000s ]
NOTIC: [8] Undefined property: stdClass::$process_instance_top_vo D:\phpStudy\WWW\public_html\Application\Common\Common\function.php 第 62 行.
NOTIC: [8] Undefined property: stdClass::$next_cursor D:\phpStudy\WWW\public_html\Application\Common\Common\function.php 第 64 行.
SQL: SELECT * FROM `mgtx_business_target_year` WHERE `year` = 2017 LIMIT 1   [ RunTime:0.0000s ]
SQL: SELECT * FROM `mgtx_business_target_month` WHERE ( month='2017-10' ) LIMIT 1   [ RunTime:0.0000s ]

[ 2017-10-10T14:13:56+08:00 ] 125.69.126.200 /
INFO: [ app_init ] --START--
INFO: Run Behavior\BuildLiteBehavior [ RunTime:0.000000s ]
INFO: [ app_init ] --END-- [ RunTime:0.000000s ]
INFO: [ app_begin ] --START--
INFO: Run Behavior\ReadHtmlCacheBehavior [ RunTime:0.000977s ]
INFO: [ app_begin ] --END-- [ RunTime:0.000977s ]
SQL: SHOW COLUMNS FROM `mgtx_select_time` [ RunTime:0.0020s ]
SQL: SHOW COLUMNS FROM `mgtx_business` [ RunTime:0.0010s ]
SQL: SHOW COLUMNS FROM `mgtx_business_target_year` [ RunTime:0.0010s ]
SQL: SHOW COLUMNS FROM `mgtx_business_target_month` [ RunTime:0.0010s ]
SQL: SHOW COLUMNS FROM `mgtx_business_target_team` [ RunTime:0.0010s ]
SQL: SHOW COLUMNS FROM `mgtx_business_target_personage` [ RunTime:0.0010s ]
SQL: SHOW COLUMNS FROM `mgtx_department` [ RunTime:0.0020s ]
SQL: SHOW COLUMNS FROM `mgtx_mployee` [ RunTime:0.0010s ]
SQL: SHOW COLUMNS FROM `mgtx_last_update` [ RunTime:0.0010s ]
SQL: SELECT * FROM `mgtx_department`  [ RunTime:0.0010s ]
SQL: SELECT * FROM `mgtx_mployee`  [ RunTime:0.0000s ]
SQL: SELECT * FROM `mgtx_business_target_year` WHERE (  year='2017' ) LIMIT 1   [ RunTime:0.0010s ]
SQL: SELECT * FROM `mgtx_business_target_month` WHERE (  month='2017-10' ) LIMIT 1   [ RunTime:0.0000s ]
SQL: SELECT * FROM `mgtx_last_update`  [ RunTime:0.0000s ]
SQL: SELECT * FROM `mgtx_business_target_personage` WHERE ( month='2017-10' )  [ RunTime:0.0010s ]
SQL: SELECT * FROM `mgtx_business_target_team` WHERE ( month='2017-10' )  [ RunTime:0.0000s ]
INFO: [ view_parse ] --START--
INFO: [ template_filter ] --START--
INFO: Run Behavior\ContentReplaceBehavior [ RunTime:0.000000s ]
INFO: [ template_filter ] --END-- [ RunTime:0.000000s ]
NOTIC: [8] Use of undefined constant month_target - assumed 'month_target' D:\phpStudy\WWW\public_html\Application\Runtime\Cache\Home\2a94b8bda04ff446dcedd42276fc99ee.php 第 43 行.
NOTIC: [8] Use of undefined constant month - assumed 'month' D:\phpStudy\WWW\public_html\Application\Runtime\Cache\Home\2a94b8bda04ff446dcedd42276fc99ee.php 第 43 行.
INFO: Run Behavior\ParseTemplateBehavior [ RunTime:0.008789s ]
INFO: [ view_parse ] --END-- [ RunTime:0.008789s ]
INFO: [ view_filter ] --START--
INFO: Run Behavior\WriteHtmlCacheBehavior [ RunTime:0.000976s ]
INFO: [ view_filter ] --END-- [ RunTime:0.000976s ]
INFO: [ app_end ] --START--
INFO: Run Behavior\ShowPageTraceBehavior [ RunTime:0.000000s ]
INFO: [ app_end ] --END-- [ RunTime:0.000000s ]

[ 2017-10-10T14:14:01+08:00 ] 115.159.37.77 /index.php/home/Index/Syn_business
INFO: [ app_init ] --START--
INFO: Run Behavior\BuildLiteBehavior [ RunTime:0.000000s ]
INFO: [ app_init ] --END-- [ RunTime:0.000000s ]
INFO: [ app_begin ] --START--
INFO: Run Behavior\ReadHtmlCacheBehavior [ RunTime:0.000977s ]
INFO: [ app_begin ] --END-- [ RunTime:0.000977s ]
SQL: SHOW COLUMNS FROM `mgtx_select_time` [ RunTime:0.0010s ]
SQL: SHOW COLUMNS FROM `mgtx_business` [ RunTime:0.0010s ]
SQL: SHOW COLUMNS FROM `mgtx_business_target_year` [ RunTime:0.0010s ]
SQL: SHOW COLUMNS FROM `mgtx_business_target_month` [ RunTime:0.0020s ]
SQL: SHOW COLUMNS FROM `mgtx_business_target_team` [ RunTime:0.0010s ]
SQL: SHOW COLUMNS FROM `mgtx_business_target_personage` [ RunTime:0.0020s ]
SQL: SHOW COLUMNS FROM `mgtx_department` [ RunTime:0.0010s ]
SQL: SHOW COLUMNS FROM `mgtx_mployee` [ RunTime:0.0010s ]
SQL: SHOW COLUMNS FROM `mgtx_last_update` [ RunTime:0.0010s ]
SQL: SHOW COLUMNS FROM `mgtx_token` [ RunTime:0.0010s ]
SQL: SELECT * FROM `mgtx_token` WHERE `name` = 'access_token' LIMIT 1   [ RunTime:0.0000s ]
NOTIC: [8] Use of undefined constant addtime - assumed 'addtime' D:\phpStudy\WWW\public_html\Application\Common\Common\function.php 第 19 行.
NOTIC: [8] Use of undefined constant token_value - assumed 'token_value' D:\phpStudy\WWW\public_html\Application\Common\Common\function.php 第 24 行.
SQL: SELECT * FROM `mgtx_select_time` LIMIT 1   [ RunTime:0.0000s ]
SQL: UPDATE `mgtx_select_time` SET `last_time`='1507616041000' WHERE `id` = 1 [ RunTime:0.0059s ]
SQL: SELECT `process_id`,`create_time` FROM `mgtx_business` WHERE ( status='RUNNING' or status='NEW' )  [ RunTime:0.0010s ]
NOTIC: [8] Use of undefined constant flase - assumed 'flase' D:\phpStudy\WWW\public_html\Application\Home\Controller\IndexController.class.php 第 110 行.
NOTIC: [8] Use of undefined constant userid - assumed 'userid' D:\phpStudy\WWW\public_html\Application\Common\Common\function.php 第 69 行.
NOTIC: [8] Use of undefined constant process_id - assumed 'process_id' D:\phpStudy\WWW\public_html\Application\Common\Common\function.php 第 70 行.
NOTIC: [8] Use of undefined constant title - assumed 'title' D:\phpStudy\WWW\public_html\Application\Common\Common\function.php 第 71 行.
NOTIC: [8] Use of undefined constant status - assumed 'status' D:\phpStudy\WWW\public_html\Application\Common\Common\function.php 第 72 行.
NOTIC: [8] Use of undefined constant process_result - assumed 'process_result' D:\phpStudy\WWW\public_html\Application\Common\Common\function.php 第 73 行.
NOTIC: [8] Use of undefined constant create_time - assumed 'create_time' D:\phpStudy\WWW\public_html\Application\Common\Common\function.php 第 74 行.
NOTIC: [8] Use of undefined constant finish_time - assumed 'finish_time' D:\phpStudy\WWW\public_html\Application\Common\Common\function.php 第 75 行.
NOTIC: [8] Use of undefined constant units_name - assumed 'units_name' D:\phpStudy\WWW\public_html\Application\Common\Common\function.php 第 80 行.
NOTIC: [8] Use of undefined constant payment - assumed 'payment' D:\phpStudy\WWW\public_html\Application\Common\Common\function.php 第 83 行.
NOTIC: [8] Use of undefined constant cause - assumed 'cause' D:\phpStudy\WWW\public_html\Application\Common\Common\function.php 第 86 行.
NOTIC: [8] Use of undefined constant version - assumed 'version' D:\phpStudy\WWW\public_html\Application\Common\Common\function.php 第 89 行.
NOTIC: [8] Use of undefined constant type - assumed 'type' D:\phpStudy\WWW\public_html\Application\Common\Common\function.php 第 92 行.
NOTIC: [8] Use of undefined constant user_num - assumed 'user_num' D:\phpStudy\WWW\public_html\Application\Common\Common\function.php 第 95 行.
NOTIC: [8] Use of undefined constant age_limit - assumed 'age_limit' D:\phpStudy\WWW\public_html\Application\Common\Common\function.php 第 98 行.
NOTIC: [8] Use of undefined constant discount - assumed 'discount' D:\phpStudy\WWW\public_html\Application\Common\Common\function.php 第 101 行.
NOTIC: [8] Use of undefined constant money - assumed 'money' D:\phpStudy\WWW\public_html\Application\Common\Common\function.php 第 104 行.
NOTIC: [8] Use of undefined constant remarks - assumed 'remarks' D:\phpStudy\WWW\public_html\Application\Common\Common\function.php 第 107 行.
NOTIC: [8] Undefined property: stdClass::$value D:\phpStudy\WWW\public_html\Application\Common\Common\function.php 第 107 行.
NOTIC: [2] Illegal offset type in isset or empty D:\phpStudy\WWW\public_html\ThinkPHP\Library\Think\Model.class.php 第 445 行.
SQL: UPDATE `mgtx_business` SET `userid`='093207484232217200',`process_id`='1b7415cb-798e-4e75-99b1-3f6217d3d2e8',`title`='罗海兰的客户付款核实',`status`='RUNNING',`process_result`='',`create_time`='2017-10-10 14:10:16',`finish_time`='',`units_name`='成都环投企业管理有限公司',`payment`='成都冠一对公',`cause`='腾讯企业邮箱',`version`='不分版本',`type`='新开',`user_num`='20',`age_limit`='1年',`discount`='默认无折扣',`money`='2960',`remarks`='' WHERE `process_id` = '1b7415cb-798e-4e75-99b1-3f6217d3d2e8' AND `create_time` = '2017-10-10 14'不分版本'''' [ RunTime:0.0000s ]
NOTIC: [8] Undefined property: stdClass::$process_instance_top_vo D:\phpStudy\WWW\public_html\Application\Common\Common\function.php 第 62 行.
NOTIC: [8] Undefined property: stdClass::$next_cursor D:\phpStudy\WWW\public_html\Application\Common\Common\function.php 第 64 行.
SQL: SELECT * FROM `mgtx_business_target_year` WHERE `year` = 2017 LIMIT 1   [ RunTime:0.0000s ]
SQL: SELECT * FROM `mgtx_business_target_month` WHERE ( month='2017-10' ) LIMIT 1   [ RunTime:0.0020s ]

[ 2017-10-10T14:14:58+08:00 ] 125.69.126.200 /
INFO: [ app_init ] --START--
INFO: Run Behavior\BuildLiteBehavior [ RunTime:0.000000s ]
INFO: [ app_init ] --END-- [ RunTime:0.000000s ]
INFO: [ app_begin ] --START--
INFO: Run Behavior\ReadHtmlCacheBehavior [ RunTime:0.000976s ]
INFO: [ app_begin ] --END-- [ RunTime:0.000976s ]
SQL: SHOW COLUMNS FROM `mgtx_select_time` [ RunTime:0.0020s ]
SQL: SHOW COLUMNS FROM `mgtx_business` [ RunTime:0.0020s ]
SQL: SHOW COLUMNS FROM `mgtx_business_target_year` [ RunTime:0.0020s ]
SQL: SHOW COLUMNS FROM `mgtx_business_target_month` [ RunTime:0.0020s ]
SQL: SHOW COLUMNS FROM `mgtx_business_target_team` [ RunTime:0.0020s ]
SQL: SHOW COLUMNS FROM `mgtx_business_target_personage` [ RunTime:0.0020s ]
SQL: SHOW COLUMNS FROM `mgtx_department` [ RunTime:0.0020s ]
SQL: SHOW COLUMNS FROM `mgtx_mployee` [ RunTime:0.0020s ]
SQL: SHOW COLUMNS FROM `mgtx_last_update` [ RunTime:0.0020s ]
SQL: SELECT * FROM `mgtx_department`  [ RunTime:0.0010s ]
SQL: SELECT * FROM `mgtx_mployee`  [ RunTime:0.0010s ]
SQL: SELECT * FROM `mgtx_business_target_year` WHERE (  year='2017' ) LIMIT 1   [ RunTime:0.0000s ]
SQL: SELECT * FROM `mgtx_business_target_month` WHERE (  month='2017-10' ) LIMIT 1   [ RunTime:0.0000s ]
SQL: SELECT * FROM `mgtx_last_update`  [ RunTime:0.0000s ]
SQL: SELECT * FROM `mgtx_business_target_personage` WHERE ( month='2017-10' )  [ RunTime:0.0000s ]
SQL: SELECT * FROM `mgtx_business_target_team` WHERE ( month='2017-10' )  [ RunTime:0.0000s ]
INFO: [ view_parse ] --START--
INFO: [ template_filter ] --START--
INFO: Run Behavior\ContentReplaceBehavior [ RunTime:0.000000s ]
INFO: [ template_filter ] --END-- [ RunTime:0.000000s ]
NOTIC: [8] Use of undefined constant month_target - assumed 'month_target' D:\phpStudy\WWW\public_html\Application\Runtime\Cache\Home\2a94b8bda04ff446dcedd42276fc99ee.php 第 43 行.
NOTIC: [8] Use of undefined constant month - assumed 'month' D:\phpStudy\WWW\public_html\Application\Runtime\Cache\Home\2a94b8bda04ff446dcedd42276fc99ee.php 第 43 行.
INFO: Run Behavior\ParseTemplateBehavior [ RunTime:0.011718s ]
INFO: [ view_parse ] --END-- [ RunTime:0.011718s ]
INFO: [ view_filter ] --START--
INFO: Run Behavior\WriteHtmlCacheBehavior [ RunTime:0.000000s ]
INFO: [ view_filter ] --END-- [ RunTime:0.000000s ]
INFO: [ app_end ] --START--
INFO: Run Behavior\ShowPageTraceBehavior [ RunTime:0.000976s ]
INFO: [ app_end ] --END-- [ RunTime:0.000976s ]

[ 2017-10-10T14:15:02+08:00 ] 115.159.37.77 /index.php/home/Index/Syn_business
INFO: [ app_init ] --START--
INFO: Run Behavior\BuildLiteBehavior [ RunTime:0.000000s ]
INFO: [ app_init ] --END-- [ RunTime:0.000000s ]
INFO: [ app_begin ] --START--
INFO: Run Behavior\ReadHtmlCacheBehavior [ RunTime:0.000000s ]
INFO: [ app_begin ] --END-- [ RunTime:0.000000s ]
SQL: SHOW COLUMNS FROM `mgtx_select_time` [ RunTime:0.0010s ]
SQL: SHOW COLUMNS FROM `mgtx_business` [ RunTime:0.0000s ]
SQL: SHOW COLUMNS FROM `mgtx_business_target_year` [ RunTime:0.0020s ]
SQL: SHOW COLUMNS FROM `mgtx_business_target_month` [ RunTime:0.0020s ]
SQL: SHOW COLUMNS FROM `mgtx_business_target_team` [ RunTime:0.0020s ]
SQL: SHOW COLUMNS FROM `mgtx_business_target_personage` [ RunTime:0.0020s ]
SQL: SHOW COLUMNS FROM `mgtx_department` [ RunTime:0.0020s ]
SQL: SHOW COLUMNS FROM `mgtx_mployee` [ RunTime:0.0020s ]
SQL: SHOW COLUMNS FROM `mgtx_last_update` [ RunTime:0.0020s ]
SQL: SHOW COLUMNS FROM `mgtx_token` [ RunTime:0.0020s ]
SQL: SELECT * FROM `mgtx_token` WHERE `name` = 'access_token' LIMIT 1   [ RunTime:0.0010s ]
NOTIC: [8] Use of undefined constant addtime - assumed 'addtime' D:\phpStudy\WWW\public_html\Application\Common\Common\function.php 第 19 行.
NOTIC: [8] Use of undefined constant token_value - assumed 'token_value' D:\phpStudy\WWW\public_html\Application\Common\Common\function.php 第 24 行.
SQL: SELECT * FROM `mgtx_select_time` LIMIT 1   [ RunTime:0.0000s ]
SQL: UPDATE `mgtx_select_time` SET `last_time`='1507616102000' WHERE `id` = 1 [ RunTime:0.0127s ]
SQL: SELECT `process_id`,`create_time` FROM `mgtx_business` WHERE ( status='RUNNING' or status='NEW' )  [ RunTime:0.0010s ]
NOTIC: [8] Use of undefined constant flase - assumed 'flase' D:\phpStudy\WWW\public_html\Application\Home\Controller\IndexController.class.php 第 110 行.
NOTIC: [8] Use of undefined constant userid - assumed 'userid' D:\phpStudy\WWW\public_html\Application\Common\Common\function.php 第 69 行.
NOTIC: [8] Use of undefined constant process_id - assumed 'process_id' D:\phpStudy\WWW\public_html\Application\Common\Common\function.php 第 70 行.
NOTIC: [8] Use of undefined constant title - assumed 'title' D:\phpStudy\WWW\public_html\Application\Common\Common\function.php 第 71 行.
NOTIC: [8] Use of undefined constant status - assumed 'status' D:\phpStudy\WWW\public_html\Application\Common\Common\function.php 第 72 行.
NOTIC: [8] Use of undefined constant process_result - assumed 'process_result' D:\phpStudy\WWW\public_html\Application\Common\Common\function.php 第 73 行.
NOTIC: [8] Use of undefined constant create_time - assumed 'create_time' D:\phpStudy\WWW\public_html\Application\Common\Common\function.php 第 74 行.
NOTIC: [8] Use of undefined constant finish_time - assumed 'finish_time' D:\phpStudy\WWW\public_html\Application\Common\Common\function.php 第 75 行.
NOTIC: [8] Use of undefined constant units_name - assumed 'units_name' D:\phpStudy\WWW\public_html\Application\Common\Common\function.php 第 80 行.
NOTIC: [8] Use of undefined constant payment - assumed 'payment' D:\phpStudy\WWW\public_html\Application\Common\Common\function.php 第 83 行.
NOTIC: [8] Use of undefined constant cause - assumed 'cause' D:\phpStudy\WWW\public_html\Application\Common\Common\function.php 第 86 行.
NOTIC: [8] Use of undefined constant version - assumed 'version' D:\phpStudy\WWW\public_html\Application\Common\Common\function.php 第 89 行.
NOTIC: [8] Use of undefined constant type - assumed 'type' D:\phpStudy\WWW\public_html\Application\Common\Common\function.php 第 92 行.
NOTIC: [8] Use of undefined constant user_num - assumed 'user_num' D:\phpStudy\WWW\public_html\Application\Common\Common\function.php 第 95 行.
NOTIC: [8] Use of undefined constant age_limit - assumed 'age_limit' D:\phpStudy\WWW\public_html\Application\Common\Common\function.php 第 98 行.
NOTIC: [8] Use of undefined constant discount - assumed 'discount' D:\phpStudy\WWW\public_html\Application\Common\Common\function.php 第 101 行.
NOTIC: [8] Use of undefined constant money - assumed 'money' D:\phpStudy\WWW\public_html\Application\Common\Common\function.php 第 104 行.
NOTIC: [8] Use of undefined constant remarks - assumed 'remarks' D:\phpStudy\WWW\public_html\Application\Common\Common\function.php 第 107 行.
NOTIC: [8] Undefined property: stdClass::$value D:\phpStudy\WWW\public_html\Application\Common\Common\function.php 第 107 行.
NOTIC: [2] Illegal offset type in isset or empty D:\phpStudy\WWW\public_html\ThinkPHP\Library\Think\Model.class.php 第 445 行.
SQL: UPDATE `mgtx_business` SET `userid`='093207484232217200',`process_id`='1b7415cb-798e-4e75-99b1-3f6217d3d2e8',`title`='罗海兰的客户付款核实',`status`='RUNNING',`process_result`='',`create_time`='2017-10-10 14:10:16',`finish_time`='',`units_name`='成都环投企业管理有限公司',`payment`='成都冠一对公',`cause`='腾讯企业邮箱',`version`='不分版本',`type`='新开',`user_num`='20',`age_limit`='1年',`discount`='默认无折扣',`money`='2960',`remarks`='' WHERE `process_id` = '1b7415cb-798e-4e75-99b1-3f6217d3d2e8' AND `create_time` = '2017-10-10 14'不分版本'''' [ RunTime:0.0010s ]
NOTIC: [8] Undefined property: stdClass::$process_instance_top_vo D:\phpStudy\WWW\public_html\Application\Common\Common\function.php 第 62 行.
NOTIC: [8] Undefined property: stdClass::$next_cursor D:\phpStudy\WWW\public_html\Application\Common\Common\function.php 第 64 行.
SQL: SELECT * FROM `mgtx_business_target_year` WHERE `year` = 2017 LIMIT 1   [ RunTime:0.0000s ]
SQL: SELECT * FROM `mgtx_business_target_month` WHERE ( month='2017-10' ) LIMIT 1   [ RunTime:0.0010s ]

