[ 2017-11-03T09:41:20+08:00 ] 127.0.0.1 /favicon.ico
INFO: [ app_init ] --START--
INFO: Run Behavior\BuildLiteBehavior [ RunTime:0.000053s ]
INFO: [ app_init ] --END-- [ RunTime:0.002005s ]
ERR: 无法加载模块:Favicon

[ 2017-11-03T13:46:41+08:00 ] 127.0.0.1 /Public/Js/jquery.min.map
INFO: [ app_init ] --START--
INFO: Run Behavior\BuildLiteBehavior [ RunTime:0.000060s ]
INFO: [ app_init ] --END-- [ RunTime:0.002912s ]
ERR: 无法加载模块:Public

[ 2017-11-03T13:46:41+08:00 ] 127.0.0.1 /Public/Css/bootstrap.min.css.map
INFO: [ app_init ] --START--
INFO: Run Behavior\BuildLiteBehavior [ RunTime:0.000054s ]
INFO: [ app_init ] --END-- [ RunTime:0.002760s ]
ERR: 无法加载模块:Public

[ 2017-11-03T13:46:51+08:00 ] 127.0.0.1 /Public/Js/jquery.min.map
INFO: [ app_init ] --START--
INFO: Run Behavior\BuildLiteBehavior [ RunTime:0.000049s ]
INFO: [ app_init ] --END-- [ RunTime:0.001711s ]
ERR: 无法加载模块:Public

[ 2017-11-03T13:46:51+08:00 ] 127.0.0.1 /Public/Css/bootstrap.min.css.map
INFO: [ app_init ] --START--
INFO: Run Behavior\BuildLiteBehavior [ RunTime:0.000052s ]
INFO: [ app_init ] --END-- [ RunTime:0.001932s ]
ERR: 无法加载模块:Public

[ 2017-11-03T13:50:05+08:00 ] 127.0.0.1 /Public/Js/jquery.min.map
INFO: [ app_init ] --START--
INFO: Run Behavior\BuildLiteBehavior [ RunTime:0.000052s ]
INFO: [ app_init ] --END-- [ RunTime:0.050057s ]
ERR: 无法加载模块:Public

[ 2017-11-03T13:50:05+08:00 ] 127.0.0.1 /Public/Css/bootstrap.min.css.map
INFO: [ app_init ] --START--
INFO: Run Behavior\BuildLiteBehavior [ RunTime:0.000048s ]
INFO: [ app_init ] --END-- [ RunTime:0.003789s ]
ERR: 无法加载模块:Public

[ 2017-11-03T13:50:12+08:00 ] 127.0.0.1 /Public/Js/jquery.min.map
INFO: [ app_init ] --START--
INFO: Run Behavior\BuildLiteBehavior [ RunTime:0.000207s ]
INFO: [ app_init ] --END-- [ RunTime:0.002049s ]
ERR: 无法加载模块:Public

[ 2017-11-03T13:50:13+08:00 ] 127.0.0.1 /Public/Css/bootstrap.min.css.map
INFO: [ app_init ] --START--
INFO: Run Behavior\BuildLiteBehavior [ RunTime:0.000051s ]
INFO: [ app_init ] --END-- [ RunTime:0.001894s ]
ERR: 无法加载模块:Public

[ 2017-11-03T13:51:35+08:00 ] 127.0.0.1 /Public/Js/jquery.min.map
INFO: [ app_init ] --START--
INFO: Run Behavior\BuildLiteBehavior [ RunTime:0.000054s ]
INFO: [ app_init ] --END-- [ RunTime:0.003014s ]
ERR: 无法加载模块:Public

[ 2017-11-03T13:51:36+08:00 ] 127.0.0.1 /Public/Css/bootstrap.min.css.map
INFO: [ app_init ] --START--
INFO: Run Behavior\BuildLiteBehavior [ RunTime:0.000056s ]
INFO: [ app_init ] --END-- [ RunTime:0.002680s ]
ERR: 无法加载模块:Public

[ 2017-11-03T13:58:02+08:00 ] 127.0.0.1 /Public/Js/jquery.min.map
INFO: [ app_init ] --START--
INFO: Run Behavior\BuildLiteBehavior [ RunTime:0.000050s ]
INFO: [ app_init ] --END-- [ RunTime:0.002446s ]
ERR: 无法加载模块:Public

[ 2017-11-03T13:58:09+08:00 ] 127.0.0.1 /Public/Js/jquery.min.map
INFO: [ app_init ] --START--
INFO: Run Behavior\BuildLiteBehavior [ RunTime:0.000050s ]
INFO: [ app_init ] --END-- [ RunTime:0.001795s ]
ERR: 无法加载模块:Public

[ 2017-11-03T13:58:45+08:00 ] 127.0.0.1 /Public/Js/jquery.min.map
INFO: [ app_init ] --START--
INFO: Run Behavior\BuildLiteBehavior [ RunTime:0.000050s ]
INFO: [ app_init ] --END-- [ RunTime:0.001655s ]
ERR: 无法加载模块:Public

[ 2017-11-03T15:56:37+08:00 ] 127.0.0.1 /Public/Js/jquery.min.map
INFO: [ app_init ] --START--
INFO: Run Behavior\BuildLiteBehavior [ RunTime:0.000053s ]
INFO: [ app_init ] --END-- [ RunTime:0.001746s ]
ERR: 无法加载模块:Public

[ 2017-11-03T15:59:42+08:00 ] 127.0.0.1 /Public/Js/jquery.min.map
INFO: [ app_init ] --START--
INFO: Run Behavior\BuildLiteBehavior [ RunTime:0.000060s ]
INFO: [ app_init ] --END-- [ RunTime:0.002673s ]
ERR: 无法加载模块:Public

[ 2017-11-03T15:59:50+08:00 ] 127.0.0.1 /Public/Js/jquery.min.map
INFO: [ app_init ] --START--
INFO: Run Behavior\BuildLiteBehavior [ RunTime:0.000052s ]
INFO: [ app_init ] --END-- [ RunTime:0.001712s ]
ERR: 无法加载模块:Public

[ 2017-11-03T16:00:52+08:00 ] 127.0.0.1 /Public/Js/jquery.min.map
INFO: [ app_init ] --START--
INFO: Run Behavior\BuildLiteBehavior [ RunTime:0.000046s ]
INFO: [ app_init ] --END-- [ RunTime:0.001483s ]
ERR: 无法加载模块:Public

[ 2017-11-03T17:48:56+08:00 ] 127.0.0.1 /Public/Js/jquery.min.map
INFO: [ app_init ] --START--
INFO: Run Behavior\BuildLiteBehavior [ RunTime:0.000051s ]
INFO: [ app_init ] --END-- [ RunTime:0.008243s ]
ERR: 无法加载模块:Public

[ 2017-11-03T17:48:56+08:00 ] 127.0.0.1 /Public/Css/bootstrap.min.css.map
INFO: [ app_init ] --START--
INFO: Run Behavior\BuildLiteBehavior [ RunTime:0.000050s ]
INFO: [ app_init ] --END-- [ RunTime:0.001785s ]
ERR: 无法加载模块:Public

[ 2017-11-03T17:49:14+08:00 ] 127.0.0.1 /Public/Js/jquery.min.map
INFO: [ app_init ] --START--
INFO: Run Behavior\BuildLiteBehavior [ RunTime:0.000047s ]
INFO: [ app_init ] --END-- [ RunTime:0.001719s ]
ERR: 无法加载模块:Public

[ 2017-11-03T17:49:14+08:00 ] 127.0.0.1 /Public/Css/bootstrap.min.css.map
INFO: [ app_init ] --START--
INFO: Run Behavior\BuildLiteBehavior [ RunTime:0.000053s ]
INFO: [ app_init ] --END-- [ RunTime:0.001823s ]
ERR: 无法加载模块:Public

